<?xml version="1.0" encoding="UTF-8"?>
<testsuites name="jest tests" tests="1" failures="0" errors="0" time="11.715">
  <testsuite name="undefined" errors="0" failures="0" skipped="0" timestamp="2025-10-03T22:33:06" time="9.986" tests="1">
    <testcase classname=" ok" name=" ok" time="0.008">
    </testcase>
  </testsuite>
</testsuites>